{
  "RSpec": {
    "coverage": {
      "/Users/NNS/Dropbox/Projects/console_browser/lib/browser.rb": [
        1,
        1,
        1,
        null,
        1,
        1,
        0,
        null,
        null,
        1,
        0,
        0,
        0,
        0,
        null,
        null
      ],
      "/Users/NNS/Dropbox/Projects/console_browser/lib/scraper.rb": [
        1,
        1,
        2,
        null,
        0,
        null,
        null,
        1,
        1,
        null,
        null
      ],
      "/Users/NNS/Dropbox/Projects/console_browser/MPsite/sinatra_app/fake_movie_pilot.rb": [
        1,
        null,
        1,
        1,
        2,
        null,
        null,
        1,
        0,
        null,
        null,
        1,
        null,
        1,
        2,
        null,
        null,
        1,
        null
      ],
      "/Users/NNS/Dropbox/Projects/console_browser/spec/support/aruba.rb": [
        1
      ],
      "/Users/NNS/Dropbox/Projects/console_browser/spec/scraper_spec.rb": [
        null,
        1,
        1,
        null,
        1,
        1,
        1,
        1,
        1,
        1,
        null,
        1,
        null,
        null,
        1,
        1,
        1,
        1,
        1,
        1,
        1,
        null,
        1,
        null,
        null,
        null
      ]
    },
    "timestamp": 1481376571
  }
}
